2024-06-25 07:40:00::error::undefined::undefined::uncaughtException: Schema is not defined
ReferenceError: Schema is not defined
    at file:///D:/Adam/OnisonProject/server/src/models/order.model.js:49:29
    at ModuleJob.run (node:internal/modules/esm/module_job:194:25)::undefined
2024-06-25 07:40:45::error::undefined::undefined::uncaughtException: Schema is not defined
ReferenceError: Schema is not defined
    at file:///D:/Adam/OnisonProject/server/src/models/order.model.js:49:29
    at ModuleJob.run (node:internal/modules/esm/module_job:194:25)::undefined
2024-06-25 07:44:10::error::undefined::undefined::uncaughtException: Schema is not defined
ReferenceError: Schema is not defined
    at file:///D:/Adam/OnisonProject/server/src/models/order.model.js:49:29
    at ModuleJob.run (node:internal/modules/esm/module_job:194:25)::undefined
2024-06-25 07:45:09::error::undefined::undefined::uncaughtException: Schema is not defined
ReferenceError: Schema is not defined
    at file:///D:/Adam/OnisonProject/server/src/models/order.model.js:49:29
    at ModuleJob.run (node:internal/modules/esm/module_job:194:25)::undefined
2024-06-25 09:00:17::error::undefined::undefined::uncaughtException: Schema is not defined
ReferenceError: Schema is not defined
    at file:///D:/Adam/OnisonProject/server/src/models/order.model.js:49:29
    at ModuleJob.run (node:internal/modules/esm/module_job:194:25)::undefined
2024-06-25 09:03:04::error::undefined::undefined::uncaughtException: Schema is not defined
ReferenceError: Schema is not defined
    at file:///D:/Adam/OnisonProject/server/src/models/order.model.js:49:29
    at ModuleJob.run (node:internal/modules/esm/module_job:194:25)::undefined
2024-06-25 09:11:10::error::undefined::undefined::uncaughtException: Schema is not defined
ReferenceError: Schema is not defined
    at file:///D:/Adam/OnisonProject/server/src/models/order.model.js:49:29
    at ModuleJob.run (node:internal/modules/esm/module_job:194:25)::undefined
2024-06-25 09:13:12::error::undefined::undefined::uncaughtException: Schema is not defined
ReferenceError: Schema is not defined
    at file:///D:/Adam/OnisonProject/server/src/models/order.model.js:49:29
    at ModuleJob.run (node:internal/modules/esm/module_job:194:25)::undefined
2024-06-25 09:13:39::error::undefined::undefined::uncaughtException: Schema is not defined
ReferenceError: Schema is not defined
    at file:///D:/Adam/OnisonProject/server/src/models/order.model.js:49:29
    at ModuleJob.run (node:internal/modules/esm/module_job:194:25)::undefined
2024-06-25 09:17:25::error::undefined::undefined::uncaughtException: Schema is not defined
ReferenceError: Schema is not defined
    at file:///D:/Adam/OnisonProject/server/src/models/order.model.js:49:29
    at ModuleJob.run (node:internal/modules/esm/module_job:194:25)::undefined
2024-06-25 09:17:34::error::undefined::undefined::uncaughtException: Schema is not defined
ReferenceError: Schema is not defined
    at file:///D:/Adam/OnisonProject/server/src/models/order.model.js:49:29
    at ModuleJob.run (node:internal/modules/esm/module_job:194:25)::undefined
2024-06-25 09:26:24::error::undefined::undefined::uncaughtException: Schema is not defined
ReferenceError: Schema is not defined
    at file:///D:/Adam/OnisonProject/server/src/models/order.model.js:49:29
    at ModuleJob.run (node:internal/modules/esm/module_job:194:25)::undefined
2024-06-25 09:27:00::error::undefined::undefined::uncaughtException: Schema is not defined
ReferenceError: Schema is not defined
    at file:///D:/Adam/OnisonProject/server/src/models/order.model.js:49:29
    at ModuleJob.run (node:internal/modules/esm/module_job:194:25)::undefined
2024-06-25 09:28:22::error::undefined::undefined::uncaughtException: Schema is not defined
ReferenceError: Schema is not defined
    at file:///D:/Adam/OnisonProject/server/src/models/order.model.js:49:29
    at ModuleJob.run (node:internal/modules/esm/module_job:194:25)::undefined
2024-06-25 09:30:58::error::undefined::undefined::uncaughtException: Schema is not defined
ReferenceError: Schema is not defined
    at file:///D:/Adam/OnisonProject/server/src/models/order.model.js:49:29
    at ModuleJob.run (node:internal/modules/esm/module_job:194:25)::undefined
2024-06-25 09:45:33::error::undefined::undefined::uncaughtException: Schema is not defined
ReferenceError: Schema is not defined
    at file:///D:/Adam/OnisonProject/server/src/models/order.model.js:49:29
    at ModuleJob.run (node:internal/modules/esm/module_job:194:25)::undefined
2024-06-25 09:49:42::error::undefined::undefined::uncaughtException: Schema is not defined
ReferenceError: Schema is not defined
    at file:///D:/Adam/OnisonProject/server/src/models/order.model.js:49:29
    at ModuleJob.run (node:internal/modules/esm/module_job:194:25)::undefined
2024-06-25 09:49:54::error::undefined::undefined::uncaughtException: Schema is not defined
ReferenceError: Schema is not defined
    at file:///D:/Adam/OnisonProject/server/src/models/order.model.js:49:29
    at ModuleJob.run (node:internal/modules/esm/module_job:194:25)::undefined
2024-06-25 09:53:14::error::undefined::undefined::uncaughtException: Schema is not defined
ReferenceError: Schema is not defined
    at file:///D:/Adam/OnisonProject/server/src/models/order.model.js:49:29
    at ModuleJob.run (node:internal/modules/esm/module_job:194:25)::undefined
2024-06-25 09:53:48::error::undefined::undefined::uncaughtException: Schema is not defined
ReferenceError: Schema is not defined
    at file:///D:/Adam/OnisonProject/server/src/models/order.model.js:49:29
    at ModuleJob.run (node:internal/modules/esm/module_job:194:25)::undefined
2024-06-25 09:54:01::error::undefined::undefined::uncaughtException: Schema is not defined
ReferenceError: Schema is not defined
    at file:///D:/Adam/OnisonProject/server/src/models/order.model.js:49:29
    at ModuleJob.run (node:internal/modules/esm/module_job:194:25)::undefined
2024-06-25 09:54:57::error::undefined::undefined::uncaughtException: Schema is not defined
ReferenceError: Schema is not defined
    at file:///D:/Adam/OnisonProject/server/src/models/order.model.js:49:29
    at ModuleJob.run (node:internal/modules/esm/module_job:194:25)::undefined
2024-06-25 09:56:35::error::undefined::undefined::uncaughtException: Schema is not defined
ReferenceError: Schema is not defined
    at file:///D:/Adam/OnisonProject/server/src/models/order.model.js:49:29
    at ModuleJob.run (node:internal/modules/esm/module_job:194:25)::undefined
2024-06-25 09:57:50::error::undefined::undefined::uncaughtException: Schema is not defined
ReferenceError: Schema is not defined
    at file:///D:/Adam/OnisonProject/server/src/models/order.model.js:49:29
    at ModuleJob.run (node:internal/modules/esm/module_job:194:25)::undefined
2024-06-25 10:00:56::error::undefined::undefined::uncaughtException: Schema is not defined
ReferenceError: Schema is not defined
    at file:///D:/Adam/OnisonProject/server/src/models/order.model.js:49:29
    at ModuleJob.run (node:internal/modules/esm/module_job:194:25)::undefined
2024-06-25 10:01:29::error::undefined::undefined::uncaughtException: Schema is not defined
ReferenceError: Schema is not defined
    at file:///D:/Adam/OnisonProject/server/src/models/order.model.js:49:29
    at ModuleJob.run (node:internal/modules/esm/module_job:194:25)::undefined
2024-06-25 10:02:14::error::undefined::undefined::uncaughtException: Schema is not defined
ReferenceError: Schema is not defined
    at file:///D:/Adam/OnisonProject/server/src/models/order.model.js:49:29
    at ModuleJob.run (node:internal/modules/esm/module_job:194:25)::undefined
2024-06-25 10:03:23::error::undefined::undefined::uncaughtException: Schema is not defined
ReferenceError: Schema is not defined
    at file:///D:/Adam/OnisonProject/server/src/models/order.model.js:49:29
    at ModuleJob.run (node:internal/modules/esm/module_job:194:25)::undefined
2024-06-25 10:03:33::error::undefined::undefined::uncaughtException: Schema is not defined
ReferenceError: Schema is not defined
    at file:///D:/Adam/OnisonProject/server/src/models/order.model.js:49:29
    at ModuleJob.run (node:internal/modules/esm/module_job:194:25)::undefined
2024-06-25 10:04:29::error::undefined::undefined::uncaughtException: Schema is not defined
ReferenceError: Schema is not defined
    at file:///D:/Adam/OnisonProject/server/src/models/order.model.js:49:29
    at ModuleJob.run (node:internal/modules/esm/module_job:194:25)::undefined
2024-06-25 10:05:19::error::undefined::undefined::uncaughtException: Schema is not defined
ReferenceError: Schema is not defined
    at file:///D:/Adam/OnisonProject/server/src/models/order.model.js:49:29
    at ModuleJob.run (node:internal/modules/esm/module_job:194:25)::undefined
2024-06-25 10:05:49::error::undefined::undefined::uncaughtException: Schema is not defined
ReferenceError: Schema is not defined
    at file:///D:/Adam/OnisonProject/server/src/models/order.model.js:109:25
    at ModuleJob.run (node:internal/modules/esm/module_job:194:25)::undefined
2024-06-25 10:10:13::error::undefined::undefined::uncaughtException: Schema is not defined
ReferenceError: Schema is not defined
    at file:///D:/Adam/OnisonProject/server/src/models/order.model.js:109:25
    at ModuleJob.run (node:internal/modules/esm/module_job:194:25)::undefined
2024-06-29 09:00:45::error::undefined::undefined::uncaughtException: Cannot read properties of undefined (reading 'url')
TypeError: Cannot read properties of undefined (reading 'url')
    at file:///D:/Adam/OnisonProject/server/src/utils/cloud.util.js:62:33
    at new Promise (<anonymous>)
    at generateSignedUrl (file:///D:/Adam/OnisonProject/server/src/utils/cloud.util.js:61:10)
    at file:///D:/Adam/OnisonProject/server/src/services/movement.service.js:79:25
    at Array.map (<anonymous>)
    at MovementService.readMovements (file:///D:/Adam/OnisonProject/server/src/services/movement.service.js:77:47)
    at process.processTicksAndRejections (node:internal/process/task_queues:95:5)
    at async readMovements (file:///D:/Adam/OnisonProject/server/src/controllers/movement.controller.js:15:23)::undefined
2024-06-29 09:00:45::error::undefined::undefined::uncaughtException: Cannot read properties of undefined (reading 'url')
TypeError: Cannot read properties of undefined (reading 'url')
    at file:///D:/Adam/OnisonProject/server/src/utils/cloud.util.js:62:33
    at new Promise (<anonymous>)
    at generateSignedUrl (file:///D:/Adam/OnisonProject/server/src/utils/cloud.util.js:61:10)
    at file:///D:/Adam/OnisonProject/server/src/services/movement.service.js:79:25
    at Array.map (<anonymous>)
    at MovementService.readMovements (file:///D:/Adam/OnisonProject/server/src/services/movement.service.js:77:47)
    at process.processTicksAndRejections (node:internal/process/task_queues:95:5)
    at async readMovements (file:///D:/Adam/OnisonProject/server/src/controllers/movement.controller.js:15:23)::undefined
2024-06-29 09:00:45::error::undefined::undefined::uncaughtException: Cannot read properties of undefined (reading 'url')
TypeError: Cannot read properties of undefined (reading 'url')
    at file:///D:/Adam/OnisonProject/server/src/utils/cloud.util.js:62:33
    at new Promise (<anonymous>)
    at generateSignedUrl (file:///D:/Adam/OnisonProject/server/src/utils/cloud.util.js:61:10)
    at file:///D:/Adam/OnisonProject/server/src/services/movement.service.js:79:25
    at Array.map (<anonymous>)
    at MovementService.readMovements (file:///D:/Adam/OnisonProject/server/src/services/movement.service.js:77:47)
    at process.processTicksAndRejections (node:internal/process/task_queues:95:5)
    at async readMovements (file:///D:/Adam/OnisonProject/server/src/controllers/movement.controller.js:15:23)::undefined
2024-07-03 11:27:36::error::undefined::undefined::uncaughtException: uploadFields is not defined
ReferenceError: uploadFields is not defined
    at file:///D:/Adam/OnisonProject/server/src/routes/help/index.js:21:33
    at ModuleJob.run (node:internal/modules/esm/module_job:194:25)::undefined
2024-07-03 11:29:50::error::undefined::undefined::uncaughtException: uploadFields is not defined
ReferenceError: uploadFields is not defined
    at file:///D:/Adam/OnisonProject/server/src/routes/help/index.js:21:33
    at ModuleJob.run (node:internal/modules/esm/module_job:194:25)::undefined
2024-07-03 11:30:44::error::undefined::undefined::uncaughtException: uploadFields is not defined
ReferenceError: uploadFields is not defined
    at file:///D:/Adam/OnisonProject/server/src/routes/help/index.js:21:33
    at ModuleJob.run (node:internal/modules/esm/module_job:194:25)::undefined
2024-07-03 11:31:39::error::undefined::undefined::uncaughtException: uploadFields is not defined
ReferenceError: uploadFields is not defined
    at file:///D:/Adam/OnisonProject/server/src/routes/help/index.js:21:33
    at ModuleJob.run (node:internal/modules/esm/module_job:194:25)::undefined
2024-07-03 11:32:52::error::undefined::undefined::uncaughtException: uploadFields is not defined
ReferenceError: uploadFields is not defined
    at file:///D:/Adam/OnisonProject/server/src/routes/help/index.js:21:33
    at ModuleJob.run (node:internal/modules/esm/module_job:194:25)::undefined
2024-07-03 11:36:29::error::undefined::undefined::uncaughtException: uploadFields is not defined
ReferenceError: uploadFields is not defined
    at file:///D:/Adam/OnisonProject/server/src/routes/help/index.js:21:33
    at ModuleJob.run (node:internal/modules/esm/module_job:194:25)::undefined
2024-07-03 11:38:00::error::undefined::undefined::uncaughtException: uploadFields is not defined
ReferenceError: uploadFields is not defined
    at file:///D:/Adam/OnisonProject/server/src/routes/help/index.js:21:33
    at ModuleJob.run (node:internal/modules/esm/module_job:194:25)::undefined
2024-07-03 11:39:07::error::undefined::undefined::uncaughtException: uploadFields is not defined
ReferenceError: uploadFields is not defined
    at file:///D:/Adam/OnisonProject/server/src/routes/help/index.js:21:33
    at ModuleJob.run (node:internal/modules/esm/module_job:194:25)::undefined
2024-07-03 11:39:57::error::undefined::undefined::uncaughtException: uploadFields is not defined
ReferenceError: uploadFields is not defined
    at file:///D:/Adam/OnisonProject/server/src/routes/help/index.js:21:33
    at ModuleJob.run (node:internal/modules/esm/module_job:194:25)::undefined
2024-07-03 11:40:09::error::undefined::undefined::uncaughtException: uploadFields is not defined
ReferenceError: uploadFields is not defined
    at file:///D:/Adam/OnisonProject/server/src/routes/help/index.js:21:33
    at ModuleJob.run (node:internal/modules/esm/module_job:194:25)::undefined
2024-07-03 11:43:41::error::undefined::undefined::uncaughtException: uploadFields is not defined
ReferenceError: uploadFields is not defined
    at file:///D:/Adam/OnisonProject/server/src/routes/help/index.js:21:33
    at ModuleJob.run (node:internal/modules/esm/module_job:194:25)::undefined
2024-07-03 11:44:17::error::undefined::undefined::uncaughtException: uploadFields is not defined
ReferenceError: uploadFields is not defined
    at file:///D:/Adam/OnisonProject/server/src/routes/help/index.js:21:33
    at ModuleJob.run (node:internal/modules/esm/module_job:194:25)::undefined
2024-07-03 11:44:32::error::undefined::undefined::uncaughtException: uploadFields is not defined
ReferenceError: uploadFields is not defined
    at file:///D:/Adam/OnisonProject/server/src/routes/help/index.js:21:33
    at ModuleJob.run (node:internal/modules/esm/module_job:194:25)::undefined
2024-07-03 11:45:27::error::undefined::undefined::uncaughtException: uploadFields is not defined
ReferenceError: uploadFields is not defined
    at file:///D:/Adam/OnisonProject/server/src/routes/help/index.js:21:33
    at ModuleJob.run (node:internal/modules/esm/module_job:194:25)::undefined
2024-07-03 11:45:55::error::undefined::undefined::uncaughtException: uploadFields is not defined
ReferenceError: uploadFields is not defined
    at file:///D:/Adam/OnisonProject/server/src/routes/help/index.js:21:33
    at ModuleJob.run (node:internal/modules/esm/module_job:194:25)::undefined
2024-07-03 11:46:56::error::undefined::undefined::uncaughtException: uploadFields is not defined
ReferenceError: uploadFields is not defined
    at file:///D:/Adam/OnisonProject/server/src/routes/help/index.js:21:33
    at ModuleJob.run (node:internal/modules/esm/module_job:194:25)::undefined
2024-07-03 11:47:50::error::undefined::undefined::uncaughtException: uploadFields is not defined
ReferenceError: uploadFields is not defined
    at file:///D:/Adam/OnisonProject/server/src/routes/help/index.js:21:33
    at ModuleJob.run (node:internal/modules/esm/module_job:194:25)::undefined
2024-07-03 11:48:27::error::undefined::undefined::uncaughtException: uploadFields is not defined
ReferenceError: uploadFields is not defined
    at file:///D:/Adam/OnisonProject/server/src/routes/help/index.js:21:33
    at ModuleJob.run (node:internal/modules/esm/module_job:194:25)::undefined
2024-07-03 11:48:39::error::undefined::undefined::uncaughtException: uploadFields is not defined
ReferenceError: uploadFields is not defined
    at file:///D:/Adam/OnisonProject/server/src/routes/help/index.js:21:33
    at ModuleJob.run (node:internal/modules/esm/module_job:194:25)::undefined
2024-07-03 11:48:47::error::undefined::undefined::uncaughtException: uploadFields is not defined
ReferenceError: uploadFields is not defined
    at file:///D:/Adam/OnisonProject/server/src/routes/help/index.js:21:33
    at ModuleJob.run (node:internal/modules/esm/module_job:194:25)::undefined
2024-07-03 11:48:51::error::undefined::undefined::uncaughtException: uploadFields is not defined
ReferenceError: uploadFields is not defined
    at file:///D:/Adam/OnisonProject/server/src/routes/help/index.js:21:33
    at ModuleJob.run (node:internal/modules/esm/module_job:194:25)::undefined
2024-07-03 11:49:06::error::undefined::undefined::uncaughtException: uploadFields is not defined
ReferenceError: uploadFields is not defined
    at file:///D:/Adam/OnisonProject/server/src/routes/help/index.js:21:33
    at ModuleJob.run (node:internal/modules/esm/module_job:194:25)::undefined
2024-07-03 11:50:11::error::undefined::undefined::uncaughtException: uploadFields is not defined
ReferenceError: uploadFields is not defined
    at file:///D:/Adam/OnisonProject/server/src/routes/help/index.js:21:33
    at ModuleJob.run (node:internal/modules/esm/module_job:194:25)::undefined
2024-07-03 11:54:16::error::undefined::undefined::uncaughtException: uploadFields is not defined
ReferenceError: uploadFields is not defined
    at file:///D:/Adam/OnisonProject/server/src/routes/help/index.js:21:33
    at ModuleJob.run (node:internal/modules/esm/module_job:194:25)::undefined
2024-07-03 11:55:57::error::undefined::undefined::uncaughtException: uploadFields is not defined
ReferenceError: uploadFields is not defined
    at file:///D:/Adam/OnisonProject/server/src/routes/help/index.js:21:33
    at ModuleJob.run (node:internal/modules/esm/module_job:194:25)::undefined
2024-07-03 11:56:50::error::undefined::undefined::uncaughtException: uploadFields is not defined
ReferenceError: uploadFields is not defined
    at file:///D:/Adam/OnisonProject/server/src/routes/help/index.js:21:33
    at ModuleJob.run (node:internal/modules/esm/module_job:194:25)::undefined
2024-07-03 11:57:13::error::undefined::undefined::uncaughtException: uploadFields is not defined
ReferenceError: uploadFields is not defined
    at file:///D:/Adam/OnisonProject/server/src/routes/help/index.js:21:33
    at ModuleJob.run (node:internal/modules/esm/module_job:194:25)::undefined
2024-07-03 20:51:35::error::undefined::undefined::uncaughtException: uploadFields is not defined
ReferenceError: uploadFields is not defined
    at file:///D:/Adam/OnisonProject/server/src/routes/help/index.js:21:33
    at ModuleJob.run (node:internal/modules/esm/module_job:194:25)::undefined
2024-07-05 11:16:24::error::undefined::undefined::uncaughtException: Artwork validation failed: url: Path `url` is required., talentIdL: Path `talentIdL` is required.
ValidationError: Artwork validation failed: url: Path `url` is required., talentIdL: Path `talentIdL` is required.
    at Document.invalidate (D:\Adam\OnisonProject\server\node_modules\mongoose\lib\document.js:3197:32)
    at D:\Adam\OnisonProject\server\node_modules\mongoose\lib\document.js:2990:17
    at D:\Adam\OnisonProject\server\node_modules\mongoose\lib\schemaType.js:1370:9
    at process.processTicksAndRejections (node:internal/process/task_queues:77:11)::undefined
2024-07-05 11:16:24::error::undefined::undefined::uncaughtException: Artwork validation failed: url: Path `url` is required., talentIdL: Path `talentIdL` is required.
ValidationError: Artwork validation failed: url: Path `url` is required., talentIdL: Path `talentIdL` is required.
    at Document.invalidate (D:\Adam\OnisonProject\server\node_modules\mongoose\lib\document.js:3197:32)
    at D:\Adam\OnisonProject\server\node_modules\mongoose\lib\document.js:2990:17
    at D:\Adam\OnisonProject\server\node_modules\mongoose\lib\schemaType.js:1370:9
    at process.processTicksAndRejections (node:internal/process/task_queues:77:11)::undefined
2024-07-05 11:18:10::error::undefined::undefined::uncaughtException: Artwork validation failed: url: Path `url` is required., talentIdL: Path `talentIdL` is required.
ValidationError: Artwork validation failed: url: Path `url` is required., talentIdL: Path `talentIdL` is required.
    at Document.invalidate (D:\Adam\OnisonProject\server\node_modules\mongoose\lib\document.js:3197:32)
    at D:\Adam\OnisonProject\server\node_modules\mongoose\lib\document.js:2990:17
    at D:\Adam\OnisonProject\server\node_modules\mongoose\lib\schemaType.js:1370:9
    at process.processTicksAndRejections (node:internal/process/task_queues:77:11)::undefined
2024-07-05 11:18:10::error::undefined::undefined::uncaughtException: Artwork validation failed: url: Path `url` is required., talentIdL: Path `talentIdL` is required.
ValidationError: Artwork validation failed: url: Path `url` is required., talentIdL: Path `talentIdL` is required.
    at Document.invalidate (D:\Adam\OnisonProject\server\node_modules\mongoose\lib\document.js:3197:32)
    at D:\Adam\OnisonProject\server\node_modules\mongoose\lib\document.js:2990:17
    at D:\Adam\OnisonProject\server\node_modules\mongoose\lib\schemaType.js:1370:9
    at process.processTicksAndRejections (node:internal/process/task_queues:77:11)::undefined
2024-07-05 11:19:18::error::undefined::undefined::uncaughtException: Artwork validation failed: url: Path `url` is required., talentIdL: Path `talentIdL` is required.
ValidationError: Artwork validation failed: url: Path `url` is required., talentIdL: Path `talentIdL` is required.
    at Document.invalidate (D:\Adam\OnisonProject\server\node_modules\mongoose\lib\document.js:3197:32)
    at D:\Adam\OnisonProject\server\node_modules\mongoose\lib\document.js:2990:17
    at D:\Adam\OnisonProject\server\node_modules\mongoose\lib\schemaType.js:1370:9
    at process.processTicksAndRejections (node:internal/process/task_queues:77:11)::undefined
2024-07-05 11:19:18::error::undefined::undefined::uncaughtException: Artwork validation failed: url: Path `url` is required., talentIdL: Path `talentIdL` is required.
ValidationError: Artwork validation failed: url: Path `url` is required., talentIdL: Path `talentIdL` is required.
    at Document.invalidate (D:\Adam\OnisonProject\server\node_modules\mongoose\lib\document.js:3197:32)
    at D:\Adam\OnisonProject\server\node_modules\mongoose\lib\document.js:2990:17
    at D:\Adam\OnisonProject\server\node_modules\mongoose\lib\schemaType.js:1370:9
    at process.processTicksAndRejections (node:internal/process/task_queues:77:11)::undefined
2024-07-05 11:20:01::error::undefined::undefined::uncaughtException: Artwork validation failed: talentIdL: Path `talentIdL` is required.
ValidationError: Artwork validation failed: talentIdL: Path `talentIdL` is required.
    at Document.invalidate (D:\Adam\OnisonProject\server\node_modules\mongoose\lib\document.js:3197:32)
    at D:\Adam\OnisonProject\server\node_modules\mongoose\lib\document.js:2990:17
    at D:\Adam\OnisonProject\server\node_modules\mongoose\lib\schemaType.js:1370:9
    at process.processTicksAndRejections (node:internal/process/task_queues:77:11)::undefined
2024-07-05 11:20:01::error::undefined::undefined::uncaughtException: Artwork validation failed: talentIdL: Path `talentIdL` is required.
ValidationError: Artwork validation failed: talentIdL: Path `talentIdL` is required.
    at Document.invalidate (D:\Adam\OnisonProject\server\node_modules\mongoose\lib\document.js:3197:32)
    at D:\Adam\OnisonProject\server\node_modules\mongoose\lib\document.js:2990:17
    at D:\Adam\OnisonProject\server\node_modules\mongoose\lib\schemaType.js:1370:9
    at process.processTicksAndRejections (node:internal/process/task_queues:77:11)::undefined
2024-07-05 11:22:05::error::undefined::undefined::uncaughtException: Artwork validation failed: talentIdL: Path `talentIdL` is required.
ValidationError: Artwork validation failed: talentIdL: Path `talentIdL` is required.
    at Document.invalidate (D:\Adam\OnisonProject\server\node_modules\mongoose\lib\document.js:3197:32)
    at D:\Adam\OnisonProject\server\node_modules\mongoose\lib\document.js:2990:17
    at D:\Adam\OnisonProject\server\node_modules\mongoose\lib\schemaType.js:1370:9
    at process.processTicksAndRejections (node:internal/process/task_queues:77:11)::undefined
2024-07-05 11:22:05::error::undefined::undefined::uncaughtException: Artwork validation failed: talentIdL: Path `talentIdL` is required.
ValidationError: Artwork validation failed: talentIdL: Path `talentIdL` is required.
    at Document.invalidate (D:\Adam\OnisonProject\server\node_modules\mongoose\lib\document.js:3197:32)
    at D:\Adam\OnisonProject\server\node_modules\mongoose\lib\document.js:2990:17
    at D:\Adam\OnisonProject\server\node_modules\mongoose\lib\schemaType.js:1370:9
    at process.processTicksAndRejections (node:internal/process/task_queues:77:11)::undefined
2024-07-05 11:24:54::error::undefined::undefined::uncaughtException: Artwork validation failed: talentIdL: Path `talentIdL` is required.
ValidationError: Artwork validation failed: talentIdL: Path `talentIdL` is required.
    at Document.invalidate (D:\Adam\OnisonProject\server\node_modules\mongoose\lib\document.js:3197:32)
    at D:\Adam\OnisonProject\server\node_modules\mongoose\lib\document.js:2990:17
    at D:\Adam\OnisonProject\server\node_modules\mongoose\lib\schemaType.js:1370:9
    at process.processTicksAndRejections (node:internal/process/task_queues:77:11)::undefined
2024-07-05 11:24:54::error::undefined::undefined::uncaughtException: Artwork validation failed: talentIdL: Path `talentIdL` is required.
ValidationError: Artwork validation failed: talentIdL: Path `talentIdL` is required.
    at Document.invalidate (D:\Adam\OnisonProject\server\node_modules\mongoose\lib\document.js:3197:32)
    at D:\Adam\OnisonProject\server\node_modules\mongoose\lib\document.js:2990:17
    at D:\Adam\OnisonProject\server\node_modules\mongoose\lib\schemaType.js:1370:9
    at process.processTicksAndRejections (node:internal/process/task_queues:77:11)::undefined
2024-07-05 11:29:51::error::undefined::undefined::uncaughtException: Artwork validation failed: talentIdL: Path `talentIdL` is required.
ValidationError: Artwork validation failed: talentIdL: Path `talentIdL` is required.
    at Document.invalidate (D:\Adam\OnisonProject\server\node_modules\mongoose\lib\document.js:3197:32)
    at D:\Adam\OnisonProject\server\node_modules\mongoose\lib\document.js:2990:17
    at D:\Adam\OnisonProject\server\node_modules\mongoose\lib\schemaType.js:1370:9
    at process.processTicksAndRejections (node:internal/process/task_queues:77:11)::undefined
2024-07-05 11:29:51::error::undefined::undefined::uncaughtException: Artwork validation failed: talentIdL: Path `talentIdL` is required.
ValidationError: Artwork validation failed: talentIdL: Path `talentIdL` is required.
    at Document.invalidate (D:\Adam\OnisonProject\server\node_modules\mongoose\lib\document.js:3197:32)
    at D:\Adam\OnisonProject\server\node_modules\mongoose\lib\document.js:2990:17
    at D:\Adam\OnisonProject\server\node_modules\mongoose\lib\schemaType.js:1370:9
    at process.processTicksAndRejections (node:internal/process/task_queues:77:11)::undefined
2024-07-05 11:30:35::error::undefined::undefined::uncaughtException: Artwork validation failed: talentIdL: Path `talentIdL` is required.
ValidationError: Artwork validation failed: talentIdL: Path `talentIdL` is required.
    at Document.invalidate (D:\Adam\OnisonProject\server\node_modules\mongoose\lib\document.js:3197:32)
    at D:\Adam\OnisonProject\server\node_modules\mongoose\lib\document.js:2990:17
    at D:\Adam\OnisonProject\server\node_modules\mongoose\lib\schemaType.js:1370:9
    at process.processTicksAndRejections (node:internal/process/task_queues:77:11)::undefined
2024-07-05 11:30:35::error::undefined::undefined::uncaughtException: Artwork validation failed: talentIdL: Path `talentIdL` is required.
ValidationError: Artwork validation failed: talentIdL: Path `talentIdL` is required.
    at Document.invalidate (D:\Adam\OnisonProject\server\node_modules\mongoose\lib\document.js:3197:32)
    at D:\Adam\OnisonProject\server\node_modules\mongoose\lib\document.js:2990:17
    at D:\Adam\OnisonProject\server\node_modules\mongoose\lib\schemaType.js:1370:9
    at process.processTicksAndRejections (node:internal/process/task_queues:77:11)::undefined
2024-07-09 10:02:18::error::undefined::undefined::uncaughtException: listen EADDRINUSE: address already in use :::8900
Error: listen EADDRINUSE: address already in use :::8900
    at Server.setupListenHandle [as _listen2] (node:net:1817:16)
    at listenInCluster (node:net:1865:12)
    at Server.listen (node:net:1953:7)
    at configureSocket (file:///D:/Adam/OnisonProject/server/src/configs/socket.config.js:13:12)
    at file:///D:/Adam/OnisonProject/server/src/app.js:90:1
    at ModuleJob.run (node:internal/modules/esm/module_job:194:25)::undefined
2024-07-09 10:02:18::error::undefined::undefined::uncaughtException: listen EADDRINUSE: address already in use :::3000
Error: listen EADDRINUSE: address already in use :::3000
    at Server.setupListenHandle [as _listen2] (node:net:1817:16)
    at listenInCluster (node:net:1865:12)
    at Server.listen (node:net:1953:7)
    at Function.listen (D:\Adam\OnisonProject\server\node_modules\express\lib\application.js:635:24)
    at file:///D:/Adam/OnisonProject/server/server.js:4:20
    at ModuleJob.run (node:internal/modules/esm/module_job:194:25)::undefined
2024-07-09 16:56:46::error::undefined::undefined::uncaughtException: async is not defined
ReferenceError: async is not defined
    at <static_initializer> (file:///D:/Adam/OnisonProject/server/src/services/conversation.service.js:7:33)
    at file:///D:/Adam/OnisonProject/server/src/services/conversation.service.js:1:1
    at ModuleJob.run (node:internal/modules/esm/module_job:194:25)::undefined
2024-07-12 07:52:03::error::undefined::undefined::uncaughtException: Cannot read properties of undefined (reading 'socketId')
TypeError: Cannot read properties of undefined (reading 'socketId')
    at Socket.<anonymous> (file:///E:/Fiyonce/server/src/services/socket.service.js:35:30)
    at Socket.emit (node:events:519:28)
    at Socket.emitUntyped (E:\Fiyonce\server\node_modules\socket.io\dist\typed-events.js:69:22)
    at E:\Fiyonce\server\node_modules\socket.io\dist\socket.js:704:39
    at process.processTicksAndRejections (node:internal/process/task_queues:77:11)::undefined
2024-07-12 07:52:15::error::undefined::undefined::uncaughtException: Cannot read properties of undefined (reading 'socketId')
TypeError: Cannot read properties of undefined (reading 'socketId')
    at Socket.<anonymous> (file:///E:/Fiyonce/server/src/services/socket.service.js:35:38)
    at Socket.emit (node:events:519:28)
    at Socket.emitUntyped (E:\Fiyonce\server\node_modules\socket.io\dist\typed-events.js:69:22)
    at E:\Fiyonce\server\node_modules\socket.io\dist\socket.js:704:39
    at process.processTicksAndRejections (node:internal/process/task_queues:77:11)::undefined
2024-07-12 07:52:43::error::undefined::undefined::uncaughtException: Cannot read properties of undefined (reading 'socketId')
TypeError: Cannot read properties of undefined (reading 'socketId')
    at Socket.<anonymous> (file:///E:/Fiyonce/server/src/services/socket.service.js:35:38)
    at Socket.emit (node:events:519:28)
    at Socket.emitUntyped (E:\Fiyonce\server\node_modules\socket.io\dist\typed-events.js:69:22)
    at E:\Fiyonce\server\node_modules\socket.io\dist\socket.js:704:39
    at process.processTicksAndRejections (node:internal/process/task_queues:77:11)::undefined
2024-07-12 07:52:50::error::undefined::undefined::uncaughtException: Cannot read properties of undefined (reading 'socketId')
TypeError: Cannot read properties of undefined (reading 'socketId')
    at Socket.<anonymous> (file:///E:/Fiyonce/server/src/services/socket.service.js:34:38)
    at Socket.emit (node:events:519:28)
    at Socket.emitUntyped (E:\Fiyonce\server\node_modules\socket.io\dist\typed-events.js:69:22)
    at E:\Fiyonce\server\node_modules\socket.io\dist\socket.js:704:39
    at process.processTicksAndRejections (node:internal/process/task_queues:77:11)::undefined
2024-07-13 14:44:49::error::undefined::undefined::uncaughtException: userId is not defined
ReferenceError: userId is not defined
    at file:///E:/Fiyonce/server/src/models/conversation.model.js:29:7
    at ModuleJob.run (node:internal/modules/esm/module_job:222:25)
    at async ModuleLoader.import (node:internal/modules/esm/loader:316:24)
    at async asyncRunEntryPointWithESMLoader (node:internal/modules/run_main:123:5)::undefined
2024-07-13 14:44:50::error::undefined::undefined::uncaughtException: userId is not defined
ReferenceError: userId is not defined
    at file:///E:/Fiyonce/server/src/models/conversation.model.js:29:5
    at ModuleJob.run (node:internal/modules/esm/module_job:222:25)
    at async ModuleLoader.import (node:internal/modules/esm/loader:316:24)
    at async asyncRunEntryPointWithESMLoader (node:internal/modules/run_main:123:5)::undefined
2024-07-15 15:36:59::error::undefined::undefined::uncaughtException: port is not defined
ReferenceError: port is not defined
    at file:///D:/Adam/OnisonProject/server/src/app.js:91:15
    at ModuleJob.run (node:internal/modules/esm/module_job:194:25)::undefined
2024-07-16 08:31:05::error::undefined::undefined::uncaughtException: __dirname is not defined in ES module scope
This file is being treated as an ES module because it has a '.js' file extension and 'D:\Adam\OnisonProject\server\package.json' contains "type": "module". To treat it as a CommonJS script, rename it to use the '.cjs' file extension.
ReferenceError: __dirname is not defined in ES module scope
This file is being treated as an ES module because it has a '.js' file extension and 'D:\Adam\OnisonProject\server\package.json' contains "type": "module". To treat it as a CommonJS script, rename it to use the '.cjs' file extension.
    at file:///D:/Adam/OnisonProject/server/src/app.js:62:34
    at ModuleJob.run (node:internal/modules/esm/module_job:194:25)::undefined
2024-07-16 08:42:02::error::undefined::undefined::uncaughtException: __dirname is not defined in ES module scope
This file is being treated as an ES module because it has a '.js' file extension and 'D:\Adam\OnisonProject\server\package.json' contains "type": "module". To treat it as a CommonJS script, rename it to use the '.cjs' file extension.
ReferenceError: __dirname is not defined in ES module scope
This file is being treated as an ES module because it has a '.js' file extension and 'D:\Adam\OnisonProject\server\package.json' contains "type": "module". To treat it as a CommonJS script, rename it to use the '.cjs' file extension.
    at file:///D:/Adam/OnisonProject/server/src/app.js:62:34
    at ModuleJob.run (node:internal/modules/esm/module_job:194:25)::undefined
2024-07-16 08:44:16::error::undefined::undefined::uncaughtException: __dirname is not defined in ES module scope
This file is being treated as an ES module because it has a '.js' file extension and 'D:\Adam\OnisonProject\server\package.json' contains "type": "module". To treat it as a CommonJS script, rename it to use the '.cjs' file extension.
ReferenceError: __dirname is not defined in ES module scope
This file is being treated as an ES module because it has a '.js' file extension and 'D:\Adam\OnisonProject\server\package.json' contains "type": "module". To treat it as a CommonJS script, rename it to use the '.cjs' file extension.
    at file:///D:/Adam/OnisonProject/server/src/app.js:62:34
    at ModuleJob.run (node:internal/modules/esm/module_job:194:25)::undefined
2024-07-16 08:44:46::error::undefined::undefined::uncaughtException: __dirname is not defined in ES module scope
This file is being treated as an ES module because it has a '.js' file extension and 'D:\Adam\OnisonProject\server\package.json' contains "type": "module". To treat it as a CommonJS script, rename it to use the '.cjs' file extension.
ReferenceError: __dirname is not defined in ES module scope
This file is being treated as an ES module because it has a '.js' file extension and 'D:\Adam\OnisonProject\server\package.json' contains "type": "module". To treat it as a CommonJS script, rename it to use the '.cjs' file extension.
    at file:///D:/Adam/OnisonProject/server/src/app.js:63:34
    at ModuleJob.run (node:internal/modules/esm/module_job:194:25)::undefined
2024-07-16 08:45:04::error::undefined::undefined::uncaughtException: __dirname is not defined in ES module scope
This file is being treated as an ES module because it has a '.js' file extension and 'D:\Adam\OnisonProject\server\package.json' contains "type": "module". To treat it as a CommonJS script, rename it to use the '.cjs' file extension.
ReferenceError: __dirname is not defined in ES module scope
This file is being treated as an ES module because it has a '.js' file extension and 'D:\Adam\OnisonProject\server\package.json' contains "type": "module". To treat it as a CommonJS script, rename it to use the '.cjs' file extension.
    at file:///D:/Adam/OnisonProject/server/src/app.js:63:34
    at ModuleJob.run (node:internal/modules/esm/module_job:194:25)::undefined
2024-07-16 08:46:45::error::undefined::undefined::uncaughtException: __dirname is not defined in ES module scope
This file is being treated as an ES module because it has a '.js' file extension and 'D:\Adam\OnisonProject\server\package.json' contains "type": "module". To treat it as a CommonJS script, rename it to use the '.cjs' file extension.
ReferenceError: __dirname is not defined in ES module scope
This file is being treated as an ES module because it has a '.js' file extension and 'D:\Adam\OnisonProject\server\package.json' contains "type": "module". To treat it as a CommonJS script, rename it to use the '.cjs' file extension.
    at file:///D:/Adam/OnisonProject/server/src/app.js:63:34
    at ModuleJob.run (node:internal/modules/esm/module_job:194:25)::undefined
2024-07-16 08:49:13::error::undefined::undefined::uncaughtException: __dirname is not defined in ES module scope
This file is being treated as an ES module because it has a '.js' file extension and 'D:\Adam\OnisonProject\server\package.json' contains "type": "module". To treat it as a CommonJS script, rename it to use the '.cjs' file extension.
ReferenceError: __dirname is not defined in ES module scope
This file is being treated as an ES module because it has a '.js' file extension and 'D:\Adam\OnisonProject\server\package.json' contains "type": "module". To treat it as a CommonJS script, rename it to use the '.cjs' file extension.
    at file:///D:/Adam/OnisonProject/server/src/app.js:63:34
    at ModuleJob.run (node:internal/modules/esm/module_job:194:25)::undefined
2024-07-16 11:04:33::error::undefined::undefined::uncaughtException: __dirname is not defined in ES module scope
This file is being treated as an ES module because it has a '.js' file extension and 'D:\Adam\OnisonProject\server\package.json' contains "type": "module". To treat it as a CommonJS script, rename it to use the '.cjs' file extension.
ReferenceError: __dirname is not defined in ES module scope
This file is being treated as an ES module because it has a '.js' file extension and 'D:\Adam\OnisonProject\server\package.json' contains "type": "module". To treat it as a CommonJS script, rename it to use the '.cjs' file extension.
    at file:///D:/Adam/OnisonProject/server/src/app.js:70:34
    at ModuleJob.run (node:internal/modules/esm/module_job:194:25)::undefined
2024-07-16 11:10:50::error::undefined::undefined::uncaughtException: __dirname is not defined in ES module scope
This file is being treated as an ES module because it has a '.js' file extension and 'D:\Adam\OnisonProject\server\package.json' contains "type": "module". To treat it as a CommonJS script, rename it to use the '.cjs' file extension.
ReferenceError: __dirname is not defined in ES module scope
This file is being treated as an ES module because it has a '.js' file extension and 'D:\Adam\OnisonProject\server\package.json' contains "type": "module". To treat it as a CommonJS script, rename it to use the '.cjs' file extension.
    at file:///D:/Adam/OnisonProject/server/src/app.js:70:34
    at ModuleJob.run (node:internal/modules/esm/module_job:194:25)::undefined
2024-07-16 11:11:11::error::undefined::undefined::uncaughtException: __dirname is not defined in ES module scope
This file is being treated as an ES module because it has a '.js' file extension and 'D:\Adam\OnisonProject\server\package.json' contains "type": "module". To treat it as a CommonJS script, rename it to use the '.cjs' file extension.
ReferenceError: __dirname is not defined in ES module scope
This file is being treated as an ES module because it has a '.js' file extension and 'D:\Adam\OnisonProject\server\package.json' contains "type": "module". To treat it as a CommonJS script, rename it to use the '.cjs' file extension.
    at file:///D:/Adam/OnisonProject/server/src/app.js:70:34
    at ModuleJob.run (node:internal/modules/esm/module_job:194:25)::undefined
2024-07-15 15:13:09::error::undefined::undefined::uncaughtException: uploadFields is not defined
ReferenceError: uploadFields is not defined
    at file:///E:/Fiyonce/server/src/routes/proposal/index.js:16:39
    at ModuleJob.run (node:internal/modules/esm/module_job:222:25)
    at async ModuleLoader.import (node:internal/modules/esm/loader:316:24)
    at async asyncRunEntryPointWithESMLoader (node:internal/modules/run_main:123:5)::undefined
2024-07-15 17:41:10::error::undefined::undefined::uncaughtException: require is not defined in ES module scope, you can use import instead
This file is being treated as an ES module because it has a '.js' file extension and 'E:\Fiyonce\server\package.json' contains "type": "module". To treat it as a CommonJS script, rename it to use the '.cjs' file extension.
ReferenceError: require is not defined in ES module scope, you can use import instead
This file is being treated as an ES module because it has a '.js' file extension and 'E:\Fiyonce\server\package.json' contains "type": "module". To treat it as a CommonJS script, rename it to use the '.cjs' file extension.
    at file:///E:/Fiyonce/server/src/services/proposal.service.js:1:15
    at ModuleJob.run (node:internal/modules/esm/module_job:222:25)
    at async ModuleLoader.import (node:internal/modules/esm/loader:316:24)
    at async asyncRunEntryPointWithESMLoader (node:internal/modules/run_main:123:5)::undefined
2024-07-15 17:42:51::error::undefined::undefined::uncaughtException: require is not defined in ES module scope, you can use import instead
This file is being treated as an ES module because it has a '.js' file extension and 'E:\Fiyonce\server\package.json' contains "type": "module". To treat it as a CommonJS script, rename it to use the '.cjs' file extension.
ReferenceError: require is not defined in ES module scope, you can use import instead
This file is being treated as an ES module because it has a '.js' file extension and 'E:\Fiyonce\server\package.json' contains "type": "module". To treat it as a CommonJS script, rename it to use the '.cjs' file extension.
    at file:///E:/Fiyonce/server/src/services/proposal.service.js:1:15
    at ModuleJob.run (node:internal/modules/esm/module_job:222:25)
    at async ModuleLoader.import (node:internal/modules/esm/loader:316:24)
    at async asyncRunEntryPointWithESMLoader (node:internal/modules/run_main:123:5)::undefined
2024-07-15 17:44:06::error::undefined::undefined::uncaughtException: require is not defined in ES module scope, you can use import instead
This file is being treated as an ES module because it has a '.js' file extension and 'E:\Fiyonce\server\package.json' contains "type": "module". To treat it as a CommonJS script, rename it to use the '.cjs' file extension.
ReferenceError: require is not defined in ES module scope, you can use import instead
This file is being treated as an ES module because it has a '.js' file extension and 'E:\Fiyonce\server\package.json' contains "type": "module". To treat it as a CommonJS script, rename it to use the '.cjs' file extension.
    at file:///E:/Fiyonce/server/src/services/proposal.service.js:1:15
    at ModuleJob.run (node:internal/modules/esm/module_job:222:25)
    at async ModuleLoader.import (node:internal/modules/esm/loader:316:24)
    at async asyncRunEntryPointWithESMLoader (node:internal/modules/run_main:123:5)::undefined
2024-07-15 17:44:52::error::undefined::undefined::uncaughtException: require is not defined in ES module scope, you can use import instead
This file is being treated as an ES module because it has a '.js' file extension and 'E:\Fiyonce\server\package.json' contains "type": "module". To treat it as a CommonJS script, rename it to use the '.cjs' file extension.
ReferenceError: require is not defined in ES module scope, you can use import instead
This file is being treated as an ES module because it has a '.js' file extension and 'E:\Fiyonce\server\package.json' contains "type": "module". To treat it as a CommonJS script, rename it to use the '.cjs' file extension.
    at file:///E:/Fiyonce/server/src/services/proposal.service.js:1:15
    at ModuleJob.run (node:internal/modules/esm/module_job:222:25)
    at async ModuleLoader.import (node:internal/modules/esm/loader:316:24)
    at async asyncRunEntryPointWithESMLoader (node:internal/modules/run_main:123:5)::undefined
2024-07-15 17:45:12::error::undefined::undefined::uncaughtException: require is not defined in ES module scope, you can use import instead
This file is being treated as an ES module because it has a '.js' file extension and 'E:\Fiyonce\server\package.json' contains "type": "module". To treat it as a CommonJS script, rename it to use the '.cjs' file extension.
ReferenceError: require is not defined in ES module scope, you can use import instead
This file is being treated as an ES module because it has a '.js' file extension and 'E:\Fiyonce\server\package.json' contains "type": "module". To treat it as a CommonJS script, rename it to use the '.cjs' file extension.
    at file:///E:/Fiyonce/server/src/services/proposal.service.js:1:15
    at ModuleJob.run (node:internal/modules/esm/module_job:222:25)
    at async ModuleLoader.import (node:internal/modules/esm/loader:316:24)
    at async asyncRunEntryPointWithESMLoader (node:internal/modules/run_main:123:5)::undefined
2024-07-20 13:15:49::error::undefined::undefined::uncaughtException: Cannot read properties of undefined (reading 'content')
TypeError: Cannot read properties of undefined (reading 'content')
    at Socket.<anonymous> (file:///E:/Fiyonce/server/src/services/socket.service.js:65:38)
    at Socket.emit (node:events:519:28)
    at Socket.emitUntyped (E:\Fiyonce\server\node_modules\socket.io\dist\typed-events.js:69:22)
    at E:\Fiyonce\server\node_modules\socket.io\dist\socket.js:704:39
    at process.processTicksAndRejections (node:internal/process/task_queues:77:11)::undefined
2024-07-20 20:46:43::error::undefined::undefined::uncaughtException: search is not defined
ReferenceError: search is not defined
    at file:///E:/Fiyonce/server/src/routes/recommender/index.js:7:1
    at ModuleJob.run (node:internal/modules/esm/module_job:222:25)
    at async ModuleLoader.import (node:internal/modules/esm/loader:316:24)
    at async asyncRunEntryPointWithESMLoader (node:internal/modules/run_main:123:5)::undefined
2024-07-21 08:49:42::error::undefined::undefined::uncaughtException: next is not defined
ReferenceError: next is not defined
    at file:///E:/Fiyonce/server/src/services/post.service.js:86:13
    at E:\Fiyonce\server\node_modules\jsonwebtoken\verify.js:261:12
    at getSecret (E:\Fiyonce\server\node_modules\jsonwebtoken\verify.js:97:14)
    at module.exports [as verify] (E:\Fiyonce\server\node_modules\jsonwebtoken\verify.js:101:10)
    at PostService.readPost (file:///E:/Fiyonce/server/src/services/post.service.js:82:13)
    at readPost (file:///E:/Fiyonce/server/src/controllers/post.controller.js:16:41)
    at file:///E:/Fiyonce/server/src/helpers/asyncHandler.js:3:9
    at Layer.handle [as handle_request] (E:\Fiyonce\server\node_modules\express\lib\router\layer.js:95:5)
    at next (E:\Fiyonce\server\node_modules\express\lib\router\route.js:149:13)
    at Route.dispatch (E:\Fiyonce\server\node_modules\express\lib\router\route.js:119:3)::undefined
2024-07-21 08:50:05::error::undefined::undefined::uncaughtException: next is not defined
ReferenceError: next is not defined
    at file:///E:/Fiyonce/server/src/services/post.service.js:86:13
    at E:\Fiyonce\server\node_modules\jsonwebtoken\verify.js:261:12
    at getSecret (E:\Fiyonce\server\node_modules\jsonwebtoken\verify.js:97:14)
    at module.exports [as verify] (E:\Fiyonce\server\node_modules\jsonwebtoken\verify.js:101:10)
    at PostService.readPost (file:///E:/Fiyonce/server/src/services/post.service.js:82:13)
    at readPost (file:///E:/Fiyonce/server/src/controllers/post.controller.js:16:41)
    at file:///E:/Fiyonce/server/src/helpers/asyncHandler.js:3:9
    at Layer.handle [as handle_request] (E:\Fiyonce\server\node_modules\express\lib\router\layer.js:95:5)
    at next (E:\Fiyonce\server\node_modules\express\lib\router\route.js:149:13)
    at Route.dispatch (E:\Fiyonce\server\node_modules\express\lib\router\route.js:119:3)::undefined
2024-07-21 08:51:40::error::undefined::undefined::uncaughtException: next is not defined
ReferenceError: next is not defined
    at file:///E:/Fiyonce/server/src/services/post.service.js:86:13
    at E:\Fiyonce\server\node_modules\jsonwebtoken\verify.js:261:12
    at getSecret (E:\Fiyonce\server\node_modules\jsonwebtoken\verify.js:97:14)
    at module.exports [as verify] (E:\Fiyonce\server\node_modules\jsonwebtoken\verify.js:101:10)
    at PostService.readPost (file:///E:/Fiyonce/server/src/services/post.service.js:82:13)
    at readPost (file:///E:/Fiyonce/server/src/controllers/post.controller.js:16:41)
    at file:///E:/Fiyonce/server/src/helpers/asyncHandler.js:3:9
    at Layer.handle [as handle_request] (E:\Fiyonce\server\node_modules\express\lib\router\layer.js:95:5)
    at next (E:\Fiyonce\server\node_modules\express\lib\router\route.js:149:13)
    at Route.dispatch (E:\Fiyonce\server\node_modules\express\lib\router\route.js:119:3)::undefined
2024-07-21 08:52:38::error::undefined::undefined::uncaughtException: next is not defined
ReferenceError: next is not defined
    at file:///E:/Fiyonce/server/src/services/post.service.js:86:13
    at E:\Fiyonce\server\node_modules\jsonwebtoken\verify.js:261:12
    at getSecret (E:\Fiyonce\server\node_modules\jsonwebtoken\verify.js:97:14)
    at module.exports [as verify] (E:\Fiyonce\server\node_modules\jsonwebtoken\verify.js:101:10)
    at PostService.readPost (file:///E:/Fiyonce/server/src/services/post.service.js:82:13)
    at readPost (file:///E:/Fiyonce/server/src/controllers/post.controller.js:16:41)
    at file:///E:/Fiyonce/server/src/helpers/asyncHandler.js:3:9
    at Layer.handle [as handle_request] (E:\Fiyonce\server\node_modules\express\lib\router\layer.js:95:5)
    at next (E:\Fiyonce\server\node_modules\express\lib\router\route.js:149:13)
    at Route.dispatch (E:\Fiyonce\server\node_modules\express\lib\router\route.js:119:3)::undefined
2024-07-27 19:06:59::error::undefined::undefined::uncaughtException: receiverId is not defined
ReferenceError: receiverId is not defined
    at Socket.<anonymous> (file:///E:/Fiyonce/server/src/services/socket.service.js:38:38)
    at Socket.emit (node:events:519:28)
    at Socket.emitUntyped (E:\Fiyonce\server\node_modules\socket.io\dist\typed-events.js:69:22)
    at E:\Fiyonce\server\node_modules\socket.io\dist\socket.js:704:39
    at process.processTicksAndRejections (node:internal/process/task_queues:77:11)::undefined
2024-07-27 19:08:38::error::undefined::undefined::uncaughtException: message is not defined
ReferenceError: message is not defined
    at Socket.<anonymous> (file:///E:/Fiyonce/server/src/services/socket.service.js:47:25)
    at Socket.emit (node:events:519:28)
    at Socket.emitUntyped (E:\Fiyonce\server\node_modules\socket.io\dist\typed-events.js:69:22)
    at E:\Fiyonce\server\node_modules\socket.io\dist\socket.js:704:39
    at process.processTicksAndRejections (node:internal/process/task_queues:77:11)::undefined
2024-07-29 13:04:34::error::undefined::undefined::uncaughtException: CLIENT_LOCAL_ORIGIN is not defined
ReferenceError: CLIENT_LOCAL_ORIGIN is not defined
    at file:///E:/Fiyonce/server/src/app.js:37:13
    at ModuleJob.run (node:internal/modules/esm/module_job:222:25)
    at async ModuleLoader.import (node:internal/modules/esm/loader:316:24)
    at async asyncRunEntryPointWithESMLoader (node:internal/modules/run_main:123:5)::undefined
2024-07-29 16:16:00::error::undefined::undefined::uncaughtException: require is not defined in ES module scope, you can use import instead
This file is being treated as an ES module because it has a '.js' file extension and 'E:\Fiyonce\server\package.json' contains "type": "module". To treat it as a CommonJS script, rename it to use the '.cjs' file extension.
ReferenceError: require is not defined in ES module scope, you can use import instead
This file is being treated as an ES module because it has a '.js' file extension and 'E:\Fiyonce\server\package.json' contains "type": "module". To treat it as a CommonJS script, rename it to use the '.cjs' file extension.
    at file:///E:/Fiyonce/server/src/app.js:20:24
    at ModuleJob.run (node:internal/modules/esm/module_job:222:25)
    at async ModuleLoader.import (node:internal/modules/esm/loader:316:24)
    at async asyncRunEntryPointWithESMLoader (node:internal/modules/run_main:123:5)::undefined
2024-07-29 16:16:01::error::undefined::undefined::uncaughtException: require is not defined in ES module scope, you can use import instead
This file is being treated as an ES module because it has a '.js' file extension and 'E:\Fiyonce\server\package.json' contains "type": "module". To treat it as a CommonJS script, rename it to use the '.cjs' file extension.
ReferenceError: require is not defined in ES module scope, you can use import instead
This file is being treated as an ES module because it has a '.js' file extension and 'E:\Fiyonce\server\package.json' contains "type": "module". To treat it as a CommonJS script, rename it to use the '.cjs' file extension.
    at file:///E:/Fiyonce/server/src/app.js:20:24
    at ModuleJob.run (node:internal/modules/esm/module_job:222:25)
    at async ModuleLoader.import (node:internal/modules/esm/loader:316:24)
    at async asyncRunEntryPointWithESMLoader (node:internal/modules/run_main:123:5)::undefined
2024-07-29 16:17:37::error::undefined::undefined::uncaughtException: passport is not defined
ReferenceError: passport is not defined
    at file:///E:/Fiyonce/server/src/app.js:40:1
    at ModuleJob.run (node:internal/modules/esm/module_job:222:25)
    at async ModuleLoader.import (node:internal/modules/esm/loader:316:24)
    at async asyncRunEntryPointWithESMLoader (node:internal/modules/run_main:123:5)::undefined
2024-07-29 16:18:16::error::undefined::undefined::uncaughtException: passport is not defined
ReferenceError: passport is not defined
    at file:///E:/Fiyonce/server/src/app.js:40:1
    at ModuleJob.run (node:internal/modules/esm/module_job:222:25)
    at async ModuleLoader.import (node:internal/modules/esm/loader:316:24)
    at async asyncRunEntryPointWithESMLoader (node:internal/modules/run_main:123:5)::undefined
2024-07-29 16:18:24::error::undefined::undefined::uncaughtException: passport is not defined
ReferenceError: passport is not defined
    at file:///E:/Fiyonce/server/src/app.js:40:1
    at ModuleJob.run (node:internal/modules/esm/module_job:222:25)
    at async ModuleLoader.import (node:internal/modules/esm/loader:316:24)
    at async asyncRunEntryPointWithESMLoader (node:internal/modules/run_main:123:5)::undefined
2024-07-29 16:22:01::error::undefined::undefined::uncaughtException: passport is not defined
ReferenceError: passport is not defined
    at file:///E:/Fiyonce/server/src/app.js:40:1
    at ModuleJob.run (node:internal/modules/esm/module_job:222:25)
    at async ModuleLoader.import (node:internal/modules/esm/loader:316:24)
    at async asyncRunEntryPointWithESMLoader (node:internal/modules/run_main:123:5)::undefined
2024-07-29 16:24:05::error::undefined::undefined::uncaughtException: app is not defined
ReferenceError: app is not defined
    at file:///E:/Fiyonce/server/src/routes/auth/index.js:9:1
    at ModuleJob.run (node:internal/modules/esm/module_job:222:25)
    at async ModuleLoader.import (node:internal/modules/esm/loader:316:24)
    at async asyncRunEntryPointWithESMLoader (node:internal/modules/run_main:123:5)::undefined
2024-07-29 16:24:09::error::undefined::undefined::uncaughtException: passport is not defined
ReferenceError: passport is not defined
    at file:///E:/Fiyonce/server/src/routes/auth/index.js:10:1
    at ModuleJob.run (node:internal/modules/esm/module_job:222:25)
    at async ModuleLoader.import (node:internal/modules/esm/loader:316:24)
    at async asyncRunEntryPointWithESMLoader (node:internal/modules/run_main:123:5)::undefined
2024-07-29 16:24:17::error::undefined::undefined::uncaughtException: passport is not defined
ReferenceError: passport is not defined
    at file:///E:/Fiyonce/server/src/routes/auth/index.js:10:1
    at ModuleJob.run (node:internal/modules/esm/module_job:222:25)
    at async ModuleLoader.import (node:internal/modules/esm/loader:316:24)
    at async asyncRunEntryPointWithESMLoader (node:internal/modules/run_main:123:5)::undefined
2024-07-29 16:25:22::error::undefined::undefined::uncaughtException: passport is not defined
ReferenceError: passport is not defined
    at file:///E:/Fiyonce/server/src/app.js:40:1
    at ModuleJob.run (node:internal/modules/esm/module_job:222:25)
    at async ModuleLoader.import (node:internal/modules/esm/loader:316:24)
    at async asyncRunEntryPointWithESMLoader (node:internal/modules/run_main:123:5)::undefined
2024-07-29 16:25:26::error::undefined::undefined::uncaughtException: passport is not defined
ReferenceError: passport is not defined
    at file:///E:/Fiyonce/server/src/app.js:40:1
    at ModuleJob.run (node:internal/modules/esm/module_job:222:25)
    at async ModuleLoader.import (node:internal/modules/esm/loader:316:24)
    at async asyncRunEntryPointWithESMLoader (node:internal/modules/run_main:123:5)::undefined
2024-07-29 16:43:34::error::undefined::undefined::uncaughtException: passport is not defined
ReferenceError: passport is not defined
    at file:///E:/Fiyonce/server/src/app.js:40:1
    at ModuleJob.run (node:internal/modules/esm/module_job:222:25)
    at async ModuleLoader.import (node:internal/modules/esm/loader:316:24)
    at async asyncRunEntryPointWithESMLoader (node:internal/modules/run_main:123:5)::undefined
2024-07-29 16:43:51::error::undefined::undefined::uncaughtException: passport is not defined
ReferenceError: passport is not defined
    at file:///E:/Fiyonce/server/src/app.js:40:1
    at ModuleJob.run (node:internal/modules/esm/module_job:222:25)
    at async ModuleLoader.import (node:internal/modules/esm/loader:316:24)
    at async asyncRunEntryPointWithESMLoader (node:internal/modules/run_main:123:5)::undefined
2024-07-29 16:45:30::error::undefined::undefined::uncaughtException: passport is not defined
ReferenceError: passport is not defined
    at file:///E:/Fiyonce/server/src/app.js:40:1
    at ModuleJob.run (node:internal/modules/esm/module_job:222:25)
    at async ModuleLoader.import (node:internal/modules/esm/loader:316:24)
    at async asyncRunEntryPointWithESMLoader (node:internal/modules/run_main:123:5)::undefined
2024-07-29 16:46:38::error::undefined::undefined::uncaughtException: passport is not defined
ReferenceError: passport is not defined
    at file:///E:/Fiyonce/server/src/app.js:40:1
    at ModuleJob.run (node:internal/modules/esm/module_job:222:25)
    at async ModuleLoader.import (node:internal/modules/esm/loader:316:24)
    at async asyncRunEntryPointWithESMLoader (node:internal/modules/run_main:123:5)::undefined
2024-08-01 07:44:35::error::undefined::undefined::uncaughtException: Schema is not defined
ReferenceError: Schema is not defined
    at file:///D:/Adam/OnisonProject/server/src/models/submission.model.js:7:30
    at ModuleJob.run (node:internal/modules/esm/module_job:194:25)::undefined
2024-08-01 07:45:38::error::undefined::undefined::uncaughtException: Schema is not defined
ReferenceError: Schema is not defined
    at file:///D:/Adam/OnisonProject/server/src/models/submission.model.js:7:30
    at ModuleJob.run (node:internal/modules/esm/module_job:194:25)::undefined
2024-08-01 07:46:04::error::undefined::undefined::uncaughtException: Schema is not defined
ReferenceError: Schema is not defined
    at file:///D:/Adam/OnisonProject/server/src/models/submission.model.js:7:30
    at ModuleJob.run (node:internal/modules/esm/module_job:194:25)::undefined
2024-08-01 07:46:44::error::undefined::undefined::uncaughtException: Schema is not defined
ReferenceError: Schema is not defined
    at file:///D:/Adam/OnisonProject/server/src/models/submission.model.js:7:30
    at ModuleJob.run (node:internal/modules/esm/module_job:194:25)::undefined
2024-08-01 07:46:55::error::undefined::undefined::uncaughtException: Schema is not defined
ReferenceError: Schema is not defined
    at file:///D:/Adam/OnisonProject/server/src/models/submission.model.js:7:30
    at ModuleJob.run (node:internal/modules/esm/module_job:194:25)::undefined
2024-08-01 07:47:01::error::undefined::undefined::uncaughtException: Schema is not defined
ReferenceError: Schema is not defined
    at file:///D:/Adam/OnisonProject/server/src/models/submission.model.js:7:30
    at ModuleJob.run (node:internal/modules/esm/module_job:194:25)::undefined
2024-08-01 07:48:00::error::undefined::undefined::uncaughtException: Schema is not defined
ReferenceError: Schema is not defined
    at file:///D:/Adam/OnisonProject/server/src/models/submission.model.js:7:30
    at ModuleJob.run (node:internal/modules/esm/module_job:194:25)::undefined
2024-08-01 07:48:22::error::undefined::undefined::uncaughtException: Schema is not defined
ReferenceError: Schema is not defined
    at file:///D:/Adam/OnisonProject/server/src/models/submission.model.js:7:30
    at ModuleJob.run (node:internal/modules/esm/module_job:194:25)::undefined
2024-08-01 07:49:19::error::undefined::undefined::uncaughtException: Schema is not defined
ReferenceError: Schema is not defined
    at file:///D:/Adam/OnisonProject/server/src/models/submission.model.js:7:30
    at ModuleJob.run (node:internal/modules/esm/module_job:194:25)::undefined
2024-08-01 07:49:38::error::undefined::undefined::uncaughtException: Schema is not defined
ReferenceError: Schema is not defined
    at file:///D:/Adam/OnisonProject/server/src/models/submission.model.js:7:30
    at ModuleJob.run (node:internal/modules/esm/module_job:194:25)::undefined
2024-08-01 07:50:02::error::undefined::undefined::uncaughtException: Schema is not defined
ReferenceError: Schema is not defined
    at file:///D:/Adam/OnisonProject/server/src/models/submission.model.js:7:30
    at ModuleJob.run (node:internal/modules/esm/module_job:194:25)::undefined
2024-08-01 07:51:04::error::undefined::undefined::uncaughtException: Schema is not defined
ReferenceError: Schema is not defined
    at file:///D:/Adam/OnisonProject/server/src/models/submission.model.js:7:30
    at ModuleJob.run (node:internal/modules/esm/module_job:194:25)::undefined
2024-08-01 07:52:04::error::undefined::undefined::uncaughtException: Schema is not defined
ReferenceError: Schema is not defined
    at file:///D:/Adam/OnisonProject/server/src/models/submission.model.js:7:30
    at ModuleJob.run (node:internal/modules/esm/module_job:194:25)::undefined
2024-08-01 08:24:50::error::undefined::undefined::uncaughtException: Schema is not defined
ReferenceError: Schema is not defined
    at file:///D:/Adam/OnisonProject/server/src/models/submission.model.js:7:30
    at ModuleJob.run (node:internal/modules/esm/module_job:194:25)::undefined
2024-08-01 08:24:59::error::undefined::undefined::uncaughtException: Schema is not defined
ReferenceError: Schema is not defined
    at file:///D:/Adam/OnisonProject/server/src/models/submission.model.js:7:30
    at ModuleJob.run (node:internal/modules/esm/module_job:194:25)::undefined
2024-08-01 09:28:21::error::undefined::undefined::uncaughtException: Schema is not defined
ReferenceError: Schema is not defined
    at file:///D:/Adam/OnisonProject/server/src/models/submission.model.js:7:30
    at ModuleJob.run (node:internal/modules/esm/module_job:194:25)::undefined
2024-08-01 09:29:30::error::undefined::undefined::uncaughtException: Schema is not defined
ReferenceError: Schema is not defined
    at file:///D:/Adam/OnisonProject/server/src/models/submission.model.js:7:30
    at ModuleJob.run (node:internal/modules/esm/module_job:194:25)::undefined
2024-08-01 09:29:42::error::undefined::undefined::uncaughtException: Schema is not defined
ReferenceError: Schema is not defined
    at file:///D:/Adam/OnisonProject/server/src/models/submission.model.js:7:30
    at ModuleJob.run (node:internal/modules/esm/module_job:194:25)::undefined
2024-08-01 09:30:28::error::undefined::undefined::uncaughtException: Schema is not defined
ReferenceError: Schema is not defined
    at file:///D:/Adam/OnisonProject/server/src/models/submission.model.js:7:30
    at ModuleJob.run (node:internal/modules/esm/module_job:194:25)::undefined
2024-08-01 09:30:49::error::undefined::undefined::uncaughtException: Schema is not defined
ReferenceError: Schema is not defined
    at file:///D:/Adam/OnisonProject/server/src/models/submission.model.js:7:30
    at ModuleJob.run (node:internal/modules/esm/module_job:194:25)::undefined
2024-08-01 09:31:15::error::undefined::undefined::uncaughtException: Schema is not defined
ReferenceError: Schema is not defined
    at file:///D:/Adam/OnisonProject/server/src/models/submission.model.js:7:30
    at ModuleJob.run (node:internal/modules/esm/module_job:194:25)::undefined
2024-08-04 08:04:22::error::undefined::undefined::uncaughtException: passport is not defined
ReferenceError: passport is not defined
    at file:///D:/Adam/OnisonProject/server/src/app.js:54:9
    at ModuleJob.run (node:internal/modules/esm/module_job:194:25)::undefined
2024-08-04 08:10:14::error::undefined::undefined::uncaughtException: passport is not defined
ReferenceError: passport is not defined
    at file:///D:/Adam/OnisonProject/server/src/routes/auth/index.js:19:23
    at ModuleJob.run (node:internal/modules/esm/module_job:194:25)::undefined
2024-08-04 08:10:49::error::undefined::undefined::uncaughtException: passport is not defined
ReferenceError: passport is not defined
    at file:///D:/Adam/OnisonProject/server/src/routes/auth/index.js:20:23
    at ModuleJob.run (node:internal/modules/esm/module_job:194:25)::undefined
2024-08-04 10:28:33::error::undefined::undefined::uncaughtException: passport is not defined
ReferenceError: passport is not defined
    at file:///D:/Adam/OnisonProject/server/src/configs/passport.config.js:1:1
    at ModuleJob.run (node:internal/modules/esm/module_job:194:25)::undefined
2024-08-04 10:28:47::error::undefined::undefined::uncaughtException: passport is not defined
ReferenceError: passport is not defined
    at file:///D:/Adam/OnisonProject/server/src/configs/passport.config.js:1:1
    at ModuleJob.run (node:internal/modules/esm/module_job:194:25)::undefined
2024-08-05 21:16:14::error::undefined::undefined::uncaughtException: time is not defined
ReferenceError: time is not defined
    at file:///D:/Adam/OnisonProject/server/src/models/badge.model.js:15:5
    at ModuleJob.run (node:internal/modules/esm/module_job:194:25)::undefined
2024-08-14 20:54:37::error::undefined::undefined::uncaughtException: listen EADDRINUSE: address already in use :::3000
Error: listen EADDRINUSE: address already in use :::3000
    at Server.setupListenHandle [as _listen2] (node:net:1898:16)
    at listenInCluster (node:net:1946:12)
    at Server.listen (node:net:2044:7)
    at file:///E:/Pastal/Fiyonce/server/server.js:4:8
    at ModuleJob.run (node:internal/modules/esm/module_job:222:25)
    at async ModuleLoader.import (node:internal/modules/esm/loader:316:24)
    at async asyncRunEntryPointWithESMLoader (node:internal/modules/run_main:123:5)::undefined
<<<<<<< HEAD
2024-08-17 14:21:42::error::undefined::undefined::uncaughtException: listen EADDRINUSE: address already in use :::3000
Error: listen EADDRINUSE: address already in use :::3000
    at Server.setupListenHandle [as _listen2] (node:net:1817:16)
    at listenInCluster (node:net:1865:12)
    at Server.listen (node:net:1953:7)
    at file:///D:/Adam/OnisonProject/server/server.js:4:8
    at ModuleJob.run (node:internal/modules/esm/module_job:194:25)::undefined
=======
2024-08-15 21:06:55::error::undefined::undefined::uncaughtException: Datetime is not defined
ReferenceError: Datetime is not defined
    at file:///E:/Pastal/Fiyonce/server/src/models/challenge.model.js:13:26
    at ModuleJob.run (node:internal/modules/esm/module_job:222:25)
    at async ModuleLoader.import (node:internal/modules/esm/loader:316:24)
    at async asyncRunEntryPointWithESMLoader (node:internal/modules/run_main:123:5)::undefined
2024-08-15 21:06:59::error::undefined::undefined::uncaughtException: Datetime is not defined
ReferenceError: Datetime is not defined
    at file:///E:/Pastal/Fiyonce/server/src/models/challenge.model.js:12:28
    at ModuleJob.run (node:internal/modules/esm/module_job:222:25)
    at async ModuleLoader.import (node:internal/modules/esm/loader:316:24)
    at async asyncRunEntryPointWithESMLoader (node:internal/modules/run_main:123:5)::undefined
2024-08-17 14:02:55::error::undefined::undefined::uncaughtException: Order validation failed: status: `inProgress` is not a valid enum value for path `status`.
ValidationError: Order validation failed: status: `inProgress` is not a valid enum value for path `status`.
    at Document.invalidate (E:\Pastal\Fiyonce\server\node_modules\mongoose\lib\document.js:3197:32)
    at E:\Pastal\Fiyonce\server\node_modules\mongoose\lib\document.js:2990:17
    at E:\Pastal\Fiyonce\server\node_modules\mongoose\lib\schemaType.js:1370:9
    at process.processTicksAndRejections (node:internal/process/task_queues:77:11)::undefined
2024-08-17 14:05:11::error::undefined::undefined::uncaughtException: Order validation failed: status: `inProgress` is not a valid enum value for path `status`.
ValidationError: Order validation failed: status: `inProgress` is not a valid enum value for path `status`.
    at Document.invalidate (E:\Pastal\Fiyonce\server\node_modules\mongoose\lib\document.js:3197:32)
    at E:\Pastal\Fiyonce\server\node_modules\mongoose\lib\document.js:2990:17
    at E:\Pastal\Fiyonce\server\node_modules\mongoose\lib\schemaType.js:1370:9
    at process.processTicksAndRejections (node:internal/process/task_queues:77:11)::undefined
2024-08-22 08:36:25::error::undefined::undefined::uncaughtException: readBookmarkedPosts is not defined
ReferenceError: readBookmarkedPosts is not defined
    at file:///E:/Pastal/Fiyonce/server/src/routes/post/index.js:22:1
    at ModuleJob.run (node:internal/modules/esm/module_job:222:25)
    at async ModuleLoader.import (node:internal/modules/esm/loader:316:24)
    at async asyncRunEntryPointWithESMLoader (node:internal/modules/run_main:123:5)::undefined
2024-08-22 08:36:32::error::undefined::undefined::uncaughtException: readBookmarkedPosts is not defined
ReferenceError: readBookmarkedPosts is not defined
    at file:///E:/Pastal/Fiyonce/server/src/routes/post/index.js:22:1
    at ModuleJob.run (node:internal/modules/esm/module_job:222:25)
    at async ModuleLoader.import (node:internal/modules/esm/loader:316:24)
    at async asyncRunEntryPointWithESMLoader (node:internal/modules/run_main:123:5)::undefined
2024-08-22 08:36:33::error::undefined::undefined::uncaughtException: readBookmarkedPosts is not defined
ReferenceError: readBookmarkedPosts is not defined
    at file:///E:/Pastal/Fiyonce/server/src/routes/post/index.js:23:1
    at ModuleJob.run (node:internal/modules/esm/module_job:222:25)
    at async ModuleLoader.import (node:internal/modules/esm/loader:316:24)
    at async asyncRunEntryPointWithESMLoader (node:internal/modules/run_main:123:5)::undefined
2024-08-24 09:38:54::error::undefined::undefined::uncaughtException: error is not defined
ReferenceError: error is not defined
    at trackPlatformAmbassadorBadge (file:///D:/Adam/OnisonProject/server/src/utils/badgeTracking.util.js:191:68)
    at process.processTicksAndRejections (node:internal/process/task_queues:95:5)::undefined
2024-08-26 11:08:11::error::undefined::undefined::uncaughtException: error is not defined
ReferenceError: error is not defined
    at trackPlatformAmbassadorBadge (file:///D:/Adam/OnisonProject/server/src/utils/badgeTracking.util.js:191:68)
    at process.processTicksAndRejections (node:internal/process/task_queues:95:5)::undefined
2024-08-26 11:15:07::error::undefined::undefined::uncaughtException: error is not defined
ReferenceError: error is not defined
    at trackPlatformAmbassadorBadge (file:///D:/Adam/OnisonProject/server/src/utils/badgeTracking.util.js:191:68)
    at process.processTicksAndRejections (node:internal/process/task_queues:95:5)::undefined
2024-08-26 11:21:13::error::undefined::undefined::uncaughtException: error is not defined
ReferenceError: error is not defined
    at trackPlatformAmbassadorBadge (file:///D:/Adam/OnisonProject/server/src/utils/badgeTracking.util.js:192:68)
    at process.processTicksAndRejections (node:internal/process/task_queues:95:5)::undefined
2024-08-26 11:23:29::error::undefined::undefined::uncaughtException: Badge not found!
Error: Badge not found!
    at trackPlatformAmbassadorBadge (file:///D:/Adam/OnisonProject/server/src/utils/badgeTracking.util.js:188:27)
    at process.processTicksAndRejections (node:internal/process/task_queues:95:5)::undefined
>>>>>>> phap_dev
2024-08-31 15:57:00::error::undefined::undefined::uncaughtException: Cannot read properties of undefined (reading 'replace')
TypeError: Cannot read properties of undefined (reading 'replace')
    at sendAnnouncementEmail (file:///D:/Adam/OnisonProject/server/src/configs/brevo.email.config.js:38:24)
    at TalentRequestService.upgradeRoleToTalent (file:///D:/Adam/OnisonProject/server/src/services/talentRequest.service.js:159:13)
    at process.processTicksAndRejections (node:internal/process/task_queues:95:5)
    at async upgradeRoleToTalent (file:///D:/Adam/OnisonProject/server/src/controllers/talentRequest.controller.js:21:23)::undefined
2024-08-31 16:11:25::error::undefined::undefined::uncaughtException: Cannot read properties of undefined (reading 'replace')
TypeError: Cannot read properties of undefined (reading 'replace')
    at sendAnnouncementEmail (file:///D:/Adam/OnisonProject/server/src/configs/brevo.email.config.js:38:24)
    at TalentRequestService.upgradeRoleToTalent (file:///D:/Adam/OnisonProject/server/src/services/talentRequest.service.js:160:13)
    at process.processTicksAndRejections (node:internal/process/task_queues:95:5)
    at async upgradeRoleToTalent (file:///D:/Adam/OnisonProject/server/src/controllers/talentRequest.controller.js:21:23)::undefined
2024-08-31 16:12:34::error::undefined::undefined::uncaughtException: Cannot read properties of undefined (reading 'replace')
TypeError: Cannot read properties of undefined (reading 'replace')
    at sendAnnouncementEmail (file:///D:/Adam/OnisonProject/server/src/configs/brevo.email.config.js:38:24)
    at TalentRequestService.upgradeRoleToTalent (file:///D:/Adam/OnisonProject/server/src/services/talentRequest.service.js:161:13)
    at process.processTicksAndRejections (node:internal/process/task_queues:95:5)
    at async upgradeRoleToTalent (file:///D:/Adam/OnisonProject/server/src/controllers/talentRequest.controller.js:21:23)::undefined
2024-08-31 16:13:21::error::undefined::undefined::uncaughtException: Cannot read properties of undefined (reading 'replace')
TypeError: Cannot read properties of undefined (reading 'replace')
    at sendAnnouncementEmail (file:///D:/Adam/OnisonProject/server/src/configs/brevo.email.config.js:39:24)
    at TalentRequestService.upgradeRoleToTalent (file:///D:/Adam/OnisonProject/server/src/services/talentRequest.service.js:161:13)
    at process.processTicksAndRejections (node:internal/process/task_queues:95:5)
    at async upgradeRoleToTalent (file:///D:/Adam/OnisonProject/server/src/controllers/talentRequest.controller.js:21:23)::undefined
2024-08-31 16:13:38::error::undefined::undefined::uncaughtException: Cannot read properties of undefined (reading 'replace')
TypeError: Cannot read properties of undefined (reading 'replace')
    at sendAnnouncementEmail (file:///D:/Adam/OnisonProject/server/src/configs/brevo.email.config.js:39:24)
    at TalentRequestService.upgradeRoleToTalent (file:///D:/Adam/OnisonProject/server/src/services/talentRequest.service.js:161:13)
    at process.processTicksAndRejections (node:internal/process/task_queues:95:5)
    at async upgradeRoleToTalent (file:///D:/Adam/OnisonProject/server/src/controllers/talentRequest.controller.js:21:23)::undefined
2024-08-31 16:14:06::error::undefined::undefined::uncaughtException: Cannot read properties of undefined (reading 'replace')
TypeError: Cannot read properties of undefined (reading 'replace')
    at sendAnnouncementEmail (file:///D:/Adam/OnisonProject/server/src/configs/brevo.email.config.js:40:24)
    at TalentRequestService.upgradeRoleToTalent (file:///D:/Adam/OnisonProject/server/src/services/talentRequest.service.js:161:13)
    at process.processTicksAndRejections (node:internal/process/task_queues:95:5)
    at async upgradeRoleToTalent (file:///D:/Adam/OnisonProject/server/src/controllers/talentRequest.controller.js:21:23)::undefined
2024-09-01 09:47:59::error::undefined::undefined::uncaughtException: Cannot read properties of undefined (reading 'replace')
TypeError: Cannot read properties of undefined (reading 'replace')
    at sendAnnouncementEmail (file:///D:/Adam/OnisonProject/server/src/configs/brevo.email.config.js:38:24)
    at OrderService.startWipCommissionOrder (file:///D:/Adam/OnisonProject/server/src/services/order.service.js:619:9)
    at process.processTicksAndRejections (node:internal/process/task_queues:95:5)
    at async startWipCommissionOrder (file:///D:/Adam/OnisonProject/server/src/controllers/order.controller.js:96:23)::undefined
2024-09-02 14:55:04::error::undefined::undefined::uncaughtException: Order validation failed: status: `delivered` is not a valid enum value for path `status`.
ValidationError: Order validation failed: status: `delivered` is not a valid enum value for path `status`.
    at Document.invalidate (D:\Adam\OnisonProject\server\node_modules\mongoose\lib\document.js:3197:32)
    at D:\Adam\OnisonProject\server\node_modules\mongoose\lib\document.js:2990:17
    at D:\Adam\OnisonProject\server\node_modules\mongoose\lib\schemaType.js:1370:9
    at process.processTicksAndRejections (node:internal/process/task_queues:77:11)::undefined
2024-09-02 15:01:50::error::undefined::undefined::uncaughtException: Order validation failed: status: `delivered` is not a valid enum value for path `status`.
ValidationError: Order validation failed: status: `delivered` is not a valid enum value for path `status`.
    at Document.invalidate (D:\Adam\OnisonProject\server\node_modules\mongoose\lib\document.js:3197:32)
    at D:\Adam\OnisonProject\server\node_modules\mongoose\lib\document.js:2990:17
    at D:\Adam\OnisonProject\server\node_modules\mongoose\lib\schemaType.js:1370:9
    at process.processTicksAndRejections (node:internal/process/task_queues:77:11)::undefined
